-rw-rw-r--  1 itcast itcast 1455743  4月 11 10:01 tags
-rw-r--r--  1 itcast itcast   32073  1月  5 09:52 stdio.h
-rw-r--r--  1 itcast itcast   26682  7月 29  2015 sl_3.03-17_amd64.deb
-rw-rw-r--  1 itcast itcast   17286  3月 26 10:47 out
-rwxrwxr-x  1 itcast itcast   10507  3月 31 10:26 gdbtest
-rw-r--r--  1 itcast itcast    8980  3月 23  2015 examples.desktop
-rwxrwxr-x  1 itcast itcast    8819  3月 26 09:41 a.out
-rwxrwxr-x  1 itcast itcast    8561  3月 24 09:44 t
-rwxrwxr-x  1 itcast itcast    7339  3月 28 07:29 ab
drwxr-xr-x  4 itcast itcast    4096  4月 14 16:02 shell
drwxr-xr-x  2 itcast itcast    4096  9月 15  2015 Downloads
drwxr-xr-x  2 itcast itcast    4096  8月  1  2015 Desktop
drwxr-xr-x  2 itcast itcast    4096  3月 23  2015 桌面
drwxr-xr-x  2 itcast itcast    4096  3月 23  2015 Videos
drwxr-xr-x  2 itcast itcast    4096  3月 23  2015 Templates
drwxr-xr-x  2 itcast itcast    4096  3月 23  2015 Public
drwxr-xr-x  2 itcast itcast    4096  3月 23  2015 Pictures
drwxr-xr-x  2 itcast itcast    4096  3月 23  2015 Music
drwxr-xr-x  2 itcast itcast    4096  3月 23  2015 Documents
drwxrwxr-x  3 itcast itcast    4096  3月 23 00:38 dir
drwxrwxr-x  2 itcast itcast    4096  4月  9 17:43 philosopher
drwxrwxr-x  2 itcast itcast    4096  1月  5 10:02 dict
drwxrwxr-x 10 itcast itcast    4096  4月  9 00:42 0105_Linux
drwxrwxrwt  4 itcast itcast    4096  8月  1  2015 nfs
drwxrwxrwt 11 itcast itcast    4096  4月 14 07:46 test
-rw-rw-r--  1 itcast itcast    1556  4月  1 15:49 count_by_turns.c
-rw-r--r--  1 itcast itcast    1308  1月 14 16:17 strtok_test.c
-rwxrw-rw-  1 itcast itcast     982  3月 31 10:26 gdbtest.c
-rwxr-xr-x  1 itcast itcast     713  1月 14 16:15 my_strtok.c
-rw-rw-r--  1 itcast itcast     314  3月 28 07:29 ab.c
-rw-rw-r--  1 itcast itcast     130  3月 31 10:26 t.c
总用量 1648
